<?xml version="1.0" encoding="UTF-8"?>
<!-- Generated by org.testng.reporters.JUnitReportReporter -->
<testsuite skipped="0" hostname="DESKTOP-PNR9VK8" name="TestCases.AstrologerLogin" tests="1" failures="0" timestamp="09 Jun 2020 18:28:03 GMT" time="22.204" errors="0">
  <testcase name="successLogin" time="22.204" classname="TestCases.AstrologerLogin"/>
</testsuite> <!-- TestCases.AstrologerLogin -->
