<?xml version="1.0" encoding="UTF-8"?>
<!-- Generated by org.testng.reporters.JUnitReportReporter -->
<testsuite skipped="0" hostname="DESKTOP-PNR9VK8" name="TestCases.CustomerLogin" tests="1" failures="0" timestamp="09 Jun 2020 19:42:31 GMT" time="13.116" errors="0">
  <testcase name="successCustomerBrowserLaunch" time="13.116" classname="TestCases.CustomerLogin"/>
</testsuite> <!-- TestCases.CustomerLogin -->
