<?xml version="1.0" encoding="UTF-8"?>
<!-- Generated by org.testng.reporters.JUnitReportReporter -->
<testsuite skipped="0" hostname="DESKTOP-PNR9VK8" name="BrowserLaunch.SchedulingForLapsed" tests="4" failures="0" timestamp="11 Jun 2020 10:50:31 GMT" time="46.577" errors="0">
  <testcase name="successAstrologerBrowserLaunch" time="22.887" classname="BrowserLaunch.SchedulingForLapsed"/>
  <testcase name="successCustomerBrowserLaunch" time="12.763" classname="BrowserLaunch.SchedulingForLapsed"/>
  <testcase name="SchedulingWithInvalidDataForLapsed" time="9.129" classname="BrowserLaunch.SchedulingForLapsed"/>
  <testcase name="FilterUsingLapsed" time="1.798" classname="BrowserLaunch.SchedulingForLapsed"/>
</testsuite> <!-- BrowserLaunch.SchedulingForLapsed -->
