<?xml version="1.0" encoding="UTF-8"?>
<!-- Generated by org.testng.reporters.JUnitReportReporter -->
<testsuite skipped="0" hostname="DESKTOP-PNR9VK8" name="BrowserLaunch.SchedulingForNotified" tests="4" failures="0" timestamp="11 Jun 2020 10:52:30 GMT" time="47.357" errors="0">
  <testcase name="successAstrologerBrowserLaunch" time="22.640" classname="BrowserLaunch.SchedulingForNotified"/>
  <testcase name="successCustomerBrowserLaunch" time="14.194" classname="BrowserLaunch.SchedulingForNotified"/>
  <testcase name="SchedulingWithInvalidDataForNotified" time="4.246" classname="BrowserLaunch.SchedulingForNotified"/>
  <testcase name="FilterUsingLapsed" time="6.277" classname="BrowserLaunch.SchedulingForNotified"/>
</testsuite> <!-- BrowserLaunch.SchedulingForNotified -->
