<?xml version="1.0" encoding="UTF-8"?>
<!-- Generated by org.testng.reporters.JUnitReportReporter -->
<testsuite skipped="0" hostname="DESKTOP-PNR9VK8" name="BrowserLaunch.SchedulingForIncomplete" tests="4" failures="0" timestamp="11 Jun 2020 10:47:37 GMT" time="45.111" errors="0">
  <testcase name="successAstrologerBrowserLaunch" time="22.776" classname="BrowserLaunch.SchedulingForIncomplete"/>
  <testcase name="successCustomerBrowserLaunch" time="13.097" classname="BrowserLaunch.SchedulingForIncomplete"/>
  <testcase name="SchedulingWithInvalidDataForIncomplete" time="4.246" classname="BrowserLaunch.SchedulingForIncomplete"/>
  <testcase name="FilterUsingIncomplete" time="4.992" classname="BrowserLaunch.SchedulingForIncomplete"/>
</testsuite> <!-- BrowserLaunch.SchedulingForIncomplete -->
